08:54:53.036 INFO  --- [restartedMain] com.restdemo.RestdemoApplication : Starting RestdemoApplication using Java 22.0.1 with PID 50780 (/Users/rngooqw/Documents/ij/restdemo/build/classes/java/main started by rngooqw in /Users/rngooqw/Documents/ij/restdemo) 
08:54:53.036 DEBUG --- [restartedMain] com.restdemo.RestdemoApplication : Running with Spring Boot v3.3.0, Spring v6.1.8 
08:54:53.036 INFO  --- [restartedMain] com.restdemo.RestdemoApplication : No active profile set, falling back to 1 default profile: "default" 
08:54:53.729 DEBUG --- [restartedMain] com.restdemo.config.JwtAuthFilter : Filter 'jwtAuthFilter' configured for use 
08:54:53.763 WARN  --- [restartedMain] o.s.s.c.a.a.c.InitializeUserDetailsBeanManagerConfigurer$InitializeUserDetailsManagerConfigurer : Global AuthenticationManager configured with an AuthenticationProvider bean. UserDetailsService beans will not be used for username/password login. Consider removing the AuthenticationProvider bean. Alternatively, consider using the UserDetailsService in a manually instantiated DaoAuthenticationProvider. 
08:54:54.070 INFO  --- [restartedMain] com.restdemo.RestdemoApplication : Started RestdemoApplication in 1.259 seconds (process running for 1.512) 
08:55:27.313 DEBUG --- [http-nio-8080-exec-1] c.r.mapper.UserMapper.readUser : ==>  Preparing: SELECT u_id as username, u_password as password, u_name as uName, u_isAccountNonExpired as isAccountNonExpired, u_isAccountNonLocked as isAccountNonLocked, u_isCredentialNonExpired as isCredentialsNonExpired, u_isEnabled as isEnabled FROM lc_user WHERE 1=1 AND u_id = ? 
08:55:27.324 DEBUG --- [http-nio-8080-exec-1] c.r.mapper.UserMapper.readUser : ==> Parameters: a(String) 
08:55:27.346 TRACE --- [http-nio-8080-exec-1] c.r.mapper.UserMapper.readUser : <==    Columns: username, password, uName, isAccountNonExpired, isAccountNonLocked, isCredentialsNonExpired, isEnabled 
08:55:27.346 TRACE --- [http-nio-8080-exec-1] c.r.mapper.UserMapper.readUser : <==        Row: a, $2a$10$EbpffTosw2WEzUttNwxr6OgpplAqH7Yu7soI1iWMqYWWNXj1q61RG, 에이, 1, 1, 1, 1 
08:55:27.348 DEBUG --- [http-nio-8080-exec-1] c.r.mapper.UserMapper.readUser : <==      Total: 1 
08:55:27.350 DEBUG --- [http-nio-8080-exec-1] c.r.m.UserMapper.readAuthorities : ==>  Preparing: SELECT u_auth FROM lc_auth WHERE 1=1 AND u_id = ? 
08:55:27.351 DEBUG --- [http-nio-8080-exec-1] c.r.m.UserMapper.readAuthorities : ==> Parameters: a(String) 
08:55:27.352 TRACE --- [http-nio-8080-exec-1] c.r.m.UserMapper.readAuthorities : <==    Columns: u_auth 
08:55:27.352 TRACE --- [http-nio-8080-exec-1] c.r.m.UserMapper.readAuthorities : <==        Row: ROLE_ADMIN 
08:55:27.352 TRACE --- [http-nio-8080-exec-1] c.r.m.UserMapper.readAuthorities : <==        Row: ROLE_USER 
08:55:27.352 DEBUG --- [http-nio-8080-exec-1] c.r.m.UserMapper.readAuthorities : <==      Total: 2 
08:55:44.226 DEBUG --- [http-nio-8080-exec-3] c.r.mapper.UserMapper.readUser : ==>  Preparing: SELECT u_id as username, u_password as password, u_name as uName, u_isAccountNonExpired as isAccountNonExpired, u_isAccountNonLocked as isAccountNonLocked, u_isCredentialNonExpired as isCredentialsNonExpired, u_isEnabled as isEnabled FROM lc_user WHERE 1=1 AND u_id = ? 
08:55:44.232 DEBUG --- [http-nio-8080-exec-3] c.r.mapper.UserMapper.readUser : ==> Parameters: a(String) 
08:55:44.236 TRACE --- [http-nio-8080-exec-3] c.r.mapper.UserMapper.readUser : <==    Columns: username, password, uName, isAccountNonExpired, isAccountNonLocked, isCredentialsNonExpired, isEnabled 
08:55:44.236 TRACE --- [http-nio-8080-exec-3] c.r.mapper.UserMapper.readUser : <==        Row: a, $2a$10$EbpffTosw2WEzUttNwxr6OgpplAqH7Yu7soI1iWMqYWWNXj1q61RG, 에이, 1, 1, 1, 1 
08:55:44.237 DEBUG --- [http-nio-8080-exec-3] c.r.mapper.UserMapper.readUser : <==      Total: 1 
08:55:44.237 DEBUG --- [http-nio-8080-exec-3] c.r.m.UserMapper.readAuthorities : ==>  Preparing: SELECT u_auth FROM lc_auth WHERE 1=1 AND u_id = ? 
08:55:44.237 DEBUG --- [http-nio-8080-exec-3] c.r.m.UserMapper.readAuthorities : ==> Parameters: a(String) 
08:55:44.238 TRACE --- [http-nio-8080-exec-3] c.r.m.UserMapper.readAuthorities : <==    Columns: u_auth 
08:55:44.238 TRACE --- [http-nio-8080-exec-3] c.r.m.UserMapper.readAuthorities : <==        Row: ROLE_ADMIN 
08:55:44.238 TRACE --- [http-nio-8080-exec-3] c.r.m.UserMapper.readAuthorities : <==        Row: ROLE_USER 
08:55:44.238 DEBUG --- [http-nio-8080-exec-3] c.r.m.UserMapper.readAuthorities : <==      Total: 2 
08:55:52.340 DEBUG --- [http-nio-8080-exec-4] c.r.mapper.UserMapper.readUser : ==>  Preparing: SELECT u_id as username, u_password as password, u_name as uName, u_isAccountNonExpired as isAccountNonExpired, u_isAccountNonLocked as isAccountNonLocked, u_isCredentialNonExpired as isCredentialsNonExpired, u_isEnabled as isEnabled FROM lc_user WHERE 1=1 AND u_id = ? 
08:55:52.342 DEBUG --- [http-nio-8080-exec-4] c.r.mapper.UserMapper.readUser : ==> Parameters: a(String) 
08:55:52.343 TRACE --- [http-nio-8080-exec-4] c.r.mapper.UserMapper.readUser : <==    Columns: username, password, uName, isAccountNonExpired, isAccountNonLocked, isCredentialsNonExpired, isEnabled 
08:55:52.343 TRACE --- [http-nio-8080-exec-4] c.r.mapper.UserMapper.readUser : <==        Row: a, $2a$10$EbpffTosw2WEzUttNwxr6OgpplAqH7Yu7soI1iWMqYWWNXj1q61RG, 에이, 1, 1, 1, 1 
08:55:52.344 DEBUG --- [http-nio-8080-exec-4] c.r.mapper.UserMapper.readUser : <==      Total: 1 
08:55:52.344 DEBUG --- [http-nio-8080-exec-4] c.r.m.UserMapper.readAuthorities : ==>  Preparing: SELECT u_auth FROM lc_auth WHERE 1=1 AND u_id = ? 
08:55:52.345 DEBUG --- [http-nio-8080-exec-4] c.r.m.UserMapper.readAuthorities : ==> Parameters: a(String) 
08:55:52.346 TRACE --- [http-nio-8080-exec-4] c.r.m.UserMapper.readAuthorities : <==    Columns: u_auth 
08:55:52.347 TRACE --- [http-nio-8080-exec-4] c.r.m.UserMapper.readAuthorities : <==        Row: ROLE_ADMIN 
08:55:52.351 TRACE --- [http-nio-8080-exec-4] c.r.m.UserMapper.readAuthorities : <==        Row: ROLE_USER 
08:55:52.352 DEBUG --- [http-nio-8080-exec-4] c.r.m.UserMapper.readAuthorities : <==      Total: 2 
08:56:08.115 DEBUG --- [http-nio-8080-exec-5] c.r.mapper.UserMapper.readUser : ==>  Preparing: SELECT u_id as username, u_password as password, u_name as uName, u_isAccountNonExpired as isAccountNonExpired, u_isAccountNonLocked as isAccountNonLocked, u_isCredentialNonExpired as isCredentialsNonExpired, u_isEnabled as isEnabled FROM lc_user WHERE 1=1 AND u_id = ? 
08:56:08.117 DEBUG --- [http-nio-8080-exec-5] c.r.mapper.UserMapper.readUser : ==> Parameters: a(String) 
08:56:08.118 TRACE --- [http-nio-8080-exec-5] c.r.mapper.UserMapper.readUser : <==    Columns: username, password, uName, isAccountNonExpired, isAccountNonLocked, isCredentialsNonExpired, isEnabled 
08:56:08.118 TRACE --- [http-nio-8080-exec-5] c.r.mapper.UserMapper.readUser : <==        Row: a, $2a$10$EbpffTosw2WEzUttNwxr6OgpplAqH7Yu7soI1iWMqYWWNXj1q61RG, 에이, 1, 1, 1, 1 
08:56:08.119 DEBUG --- [http-nio-8080-exec-5] c.r.mapper.UserMapper.readUser : <==      Total: 1 
08:56:08.120 DEBUG --- [http-nio-8080-exec-5] c.r.m.UserMapper.readAuthorities : ==>  Preparing: SELECT u_auth FROM lc_auth WHERE 1=1 AND u_id = ? 
08:56:08.120 DEBUG --- [http-nio-8080-exec-5] c.r.m.UserMapper.readAuthorities : ==> Parameters: a(String) 
08:56:08.121 TRACE --- [http-nio-8080-exec-5] c.r.m.UserMapper.readAuthorities : <==    Columns: u_auth 
08:56:08.121 TRACE --- [http-nio-8080-exec-5] c.r.m.UserMapper.readAuthorities : <==        Row: ROLE_ADMIN 
08:56:08.122 TRACE --- [http-nio-8080-exec-5] c.r.m.UserMapper.readAuthorities : <==        Row: ROLE_USER 
08:56:08.122 DEBUG --- [http-nio-8080-exec-5] c.r.m.UserMapper.readAuthorities : <==      Total: 2 
08:56:08.129 WARN  --- [http-nio-8080-exec-5] o.s.w.s.m.s.DefaultHandlerExceptionResolver : Resolved [org.springframework.web.HttpRequestMethodNotSupportedException: Request method 'GET' is not supported] 
08:56:22.396 DEBUG --- [http-nio-8080-exec-6] c.r.mapper.UserMapper.readUser : ==>  Preparing: SELECT u_id as username, u_password as password, u_name as uName, u_isAccountNonExpired as isAccountNonExpired, u_isAccountNonLocked as isAccountNonLocked, u_isCredentialNonExpired as isCredentialsNonExpired, u_isEnabled as isEnabled FROM lc_user WHERE 1=1 AND u_id = ? 
08:56:22.397 DEBUG --- [http-nio-8080-exec-6] c.r.mapper.UserMapper.readUser : ==> Parameters: a(String) 
08:56:22.398 TRACE --- [http-nio-8080-exec-6] c.r.mapper.UserMapper.readUser : <==    Columns: username, password, uName, isAccountNonExpired, isAccountNonLocked, isCredentialsNonExpired, isEnabled 
08:56:22.398 TRACE --- [http-nio-8080-exec-6] c.r.mapper.UserMapper.readUser : <==        Row: a, $2a$10$EbpffTosw2WEzUttNwxr6OgpplAqH7Yu7soI1iWMqYWWNXj1q61RG, 에이, 1, 1, 1, 1 
08:56:22.399 DEBUG --- [http-nio-8080-exec-6] c.r.mapper.UserMapper.readUser : <==      Total: 1 
08:56:22.399 DEBUG --- [http-nio-8080-exec-6] c.r.m.UserMapper.readAuthorities : ==>  Preparing: SELECT u_auth FROM lc_auth WHERE 1=1 AND u_id = ? 
08:56:22.399 DEBUG --- [http-nio-8080-exec-6] c.r.m.UserMapper.readAuthorities : ==> Parameters: a(String) 
08:56:22.400 TRACE --- [http-nio-8080-exec-6] c.r.m.UserMapper.readAuthorities : <==    Columns: u_auth 
08:56:22.400 TRACE --- [http-nio-8080-exec-6] c.r.m.UserMapper.readAuthorities : <==        Row: ROLE_ADMIN 
08:56:22.400 TRACE --- [http-nio-8080-exec-6] c.r.m.UserMapper.readAuthorities : <==        Row: ROLE_USER 
08:56:22.400 DEBUG --- [http-nio-8080-exec-6] c.r.m.UserMapper.readAuthorities : <==      Total: 2 
08:56:22.408 DEBUG --- [http-nio-8080-exec-6] c.r.mapper.UserMapper.readUser : ==>  Preparing: SELECT u_id as username, u_password as password, u_name as uName, u_isAccountNonExpired as isAccountNonExpired, u_isAccountNonLocked as isAccountNonLocked, u_isCredentialNonExpired as isCredentialsNonExpired, u_isEnabled as isEnabled FROM lc_user WHERE 1=1 AND u_id = ? 
08:56:22.408 DEBUG --- [http-nio-8080-exec-6] c.r.mapper.UserMapper.readUser : ==> Parameters: a(String) 
08:56:22.409 TRACE --- [http-nio-8080-exec-6] c.r.mapper.UserMapper.readUser : <==    Columns: username, password, uName, isAccountNonExpired, isAccountNonLocked, isCredentialsNonExpired, isEnabled 
08:56:22.409 TRACE --- [http-nio-8080-exec-6] c.r.mapper.UserMapper.readUser : <==        Row: a, $2a$10$EbpffTosw2WEzUttNwxr6OgpplAqH7Yu7soI1iWMqYWWNXj1q61RG, 에이, 1, 1, 1, 1 
08:56:22.410 DEBUG --- [http-nio-8080-exec-6] c.r.mapper.UserMapper.readUser : <==      Total: 1 
08:56:22.411 DEBUG --- [http-nio-8080-exec-6] c.r.m.UserMapper.readAuthorities : ==>  Preparing: SELECT u_auth FROM lc_auth WHERE 1=1 AND u_id = ? 
08:56:22.411 DEBUG --- [http-nio-8080-exec-6] c.r.m.UserMapper.readAuthorities : ==> Parameters: a(String) 
08:56:22.411 TRACE --- [http-nio-8080-exec-6] c.r.m.UserMapper.readAuthorities : <==    Columns: u_auth 
08:56:22.412 TRACE --- [http-nio-8080-exec-6] c.r.m.UserMapper.readAuthorities : <==        Row: ROLE_ADMIN 
08:56:22.412 TRACE --- [http-nio-8080-exec-6] c.r.m.UserMapper.readAuthorities : <==        Row: ROLE_USER 
08:56:22.412 DEBUG --- [http-nio-8080-exec-6] c.r.m.UserMapper.readAuthorities : <==      Total: 2 
09:34:22.395 INFO  --- [restartedMain] com.restdemo.RestdemoApplication : Starting RestdemoApplication using Java 22.0.1 with PID 56327 (/Users/rngooqw/Documents/ij/restdemo/build/classes/java/main started by rngooqw in /Users/rngooqw/Documents/ij/restdemo) 
09:34:22.396 DEBUG --- [restartedMain] com.restdemo.RestdemoApplication : Running with Spring Boot v3.3.0, Spring v6.1.8 
09:34:22.396 INFO  --- [restartedMain] com.restdemo.RestdemoApplication : No active profile set, falling back to 1 default profile: "default" 
09:34:23.077 DEBUG --- [restartedMain] com.restdemo.config.JwtAuthFilter : Filter 'jwtAuthFilter' configured for use 
09:34:23.085 WARN  --- [restartedMain] o.s.b.w.s.c.AnnotationConfigServletWebServerApplicationContext : Exception encountered during context initialization - cancelling refresh attempt: org.springframework.beans.factory.UnsatisfiedDependencyException: Error creating bean with name 'userController': Unsatisfied dependency expressed through field 'authenticationManager': No qualifying bean of type 'org.springframework.security.authentication.AuthenticationManager' available: expected at least 1 bean which qualifies as autowire candidate. Dependency annotations: {@org.springframework.beans.factory.annotation.Autowired(required=true)} 
09:34:23.102 ERROR --- [restartedMain] o.s.b.d.LoggingFailureAnalysisReporter : 

***************************
APPLICATION FAILED TO START
***************************

Description:

Field authenticationManager in com.restdemo.controller.UserController required a bean of type 'org.springframework.security.authentication.AuthenticationManager' that could not be found.

The injection point has the following annotations:
	- @org.springframework.beans.factory.annotation.Autowired(required=true)


Action:

Consider defining a bean of type 'org.springframework.security.authentication.AuthenticationManager' in your configuration.
 
09:36:10.679 INFO  --- [restartedMain] com.restdemo.RestdemoApplication : Starting RestdemoApplication using Java 22.0.1 with PID 56479 (/Users/rngooqw/Documents/ij/restdemo/build/classes/java/main started by rngooqw in /Users/rngooqw/Documents/ij/restdemo) 
09:36:10.679 DEBUG --- [restartedMain] com.restdemo.RestdemoApplication : Running with Spring Boot v3.3.0, Spring v6.1.8 
09:36:10.680 INFO  --- [restartedMain] com.restdemo.RestdemoApplication : No active profile set, falling back to 1 default profile: "default" 
09:36:11.363 DEBUG --- [restartedMain] com.restdemo.config.JwtAuthFilter : Filter 'jwtAuthFilter' configured for use 
09:36:11.427 WARN  --- [restartedMain] o.s.s.c.a.a.c.InitializeUserDetailsBeanManagerConfigurer$InitializeUserDetailsManagerConfigurer : Found 2 UserDetailsService beans, with names [userServiceImpl, userDetailsService]. Global Authentication Manager will not use a UserDetailsService for username/password login. Consider publishing a single UserDetailsService bean. 
09:36:11.722 INFO  --- [restartedMain] com.restdemo.RestdemoApplication : Started RestdemoApplication in 1.268 seconds (process running for 1.502) 
09:36:36.342 ERROR --- [http-nio-8080-exec-1] o.a.c.c.C.[.[.[.[dispatcherServlet] : Servlet.service() for servlet [dispatcherServlet] in context with path [] threw exception 
io.jsonwebtoken.ExpiredJwtException: JWT expired at 2024-06-26T00:05:27Z. Current time: 2024-06-26T00:36:36Z, a difference of 1869341 milliseconds.  Allowed clock skew: 0 milliseconds.
	at io.jsonwebtoken.impl.DefaultJwtParser.parse(DefaultJwtParser.java:427)
	at io.jsonwebtoken.impl.DefaultJwtParser.parse(DefaultJwtParser.java:529)
	at io.jsonwebtoken.impl.DefaultJwtParser.parseClaimsJws(DefaultJwtParser.java:589)
	at io.jsonwebtoken.impl.ImmutableJwtParser.parseClaimsJws(ImmutableJwtParser.java:173)
	at com.restdemo.service.JwtService.extractAllClaims(JwtService.java:42)
	at com.restdemo.service.JwtService.extractClaim(JwtService.java:33)
	at com.restdemo.service.JwtService.extractUsername(JwtService.java:25)
	at com.restdemo.config.JwtAuthFilter.doFilterInternal(JwtAuthFilter.java:35)
	at org.springframework.web.filter.OncePerRequestFilter.doFilter(OncePerRequestFilter.java:116)
	at org.springframework.security.web.FilterChainProxy$VirtualFilterChain.doFilter(FilterChainProxy.java:374)
	at org.springframework.security.web.authentication.logout.LogoutFilter.doFilter(LogoutFilter.java:107)
	at org.springframework.security.web.authentication.logout.LogoutFilter.doFilter(LogoutFilter.java:93)
	at org.springframework.security.web.FilterChainProxy$VirtualFilterChain.doFilter(FilterChainProxy.java:374)
	at org.springframework.web.filter.CorsFilter.doFilterInternal(CorsFilter.java:91)
	at org.springframework.web.filter.OncePerRequestFilter.doFilter(OncePerRequestFilter.java:116)
	at org.springframework.security.web.FilterChainProxy$VirtualFilterChain.doFilter(FilterChainProxy.java:374)
	at org.springframework.security.web.header.HeaderWriterFilter.doHeadersAfter(HeaderWriterFilter.java:90)
	at org.springframework.security.web.header.HeaderWriterFilter.doFilterInternal(HeaderWriterFilter.java:75)
	at org.springframework.web.filter.OncePerRequestFilter.doFilter(OncePerRequestFilter.java:116)
	at org.springframework.security.web.FilterChainProxy$VirtualFilterChain.doFilter(FilterChainProxy.java:374)
	at org.springframework.security.web.context.SecurityContextHolderFilter.doFilter(SecurityContextHolderFilter.java:82)
	at org.springframework.security.web.context.SecurityContextHolderFilter.doFilter(SecurityContextHolderFilter.java:69)
	at org.springframework.security.web.FilterChainProxy$VirtualFilterChain.doFilter(FilterChainProxy.java:374)
	at org.springframework.security.web.context.request.async.WebAsyncManagerIntegrationFilter.doFilterInternal(WebAsyncManagerIntegrationFilter.java:62)
	at org.springframework.web.filter.OncePerRequestFilter.doFilter(OncePerRequestFilter.java:116)
	at org.springframework.security.web.FilterChainProxy$VirtualFilterChain.doFilter(FilterChainProxy.java:374)
	at org.springframework.security.web.session.DisableEncodeUrlFilter.doFilterInternal(DisableEncodeUrlFilter.java:42)
	at org.springframework.web.filter.OncePerRequestFilter.doFilter(OncePerRequestFilter.java:116)
	at org.springframework.security.web.FilterChainProxy$VirtualFilterChain.doFilter(FilterChainProxy.java:374)
	at org.springframework.security.web.FilterChainProxy.doFilterInternal(FilterChainProxy.java:233)
	at org.springframework.security.web.FilterChainProxy.doFilter(FilterChainProxy.java:191)
	at org.springframework.web.filter.CompositeFilter$VirtualFilterChain.doFilter(CompositeFilter.java:113)
	at org.springframework.web.servlet.handler.HandlerMappingIntrospector.lambda$createCacheFilter$3(HandlerMappingIntrospector.java:195)
	at org.springframework.web.filter.CompositeFilter$VirtualFilterChain.doFilter(CompositeFilter.java:113)
	at org.springframework.web.filter.CompositeFilter.doFilter(CompositeFilter.java:74)
	at org.springframework.security.config.annotation.web.configuration.WebMvcSecurityConfiguration$CompositeFilterChainProxy.doFilter(WebMvcSecurityConfiguration.java:230)
	at org.springframework.web.filter.DelegatingFilterProxy.invokeDelegate(DelegatingFilterProxy.java:352)
	at org.springframework.web.filter.DelegatingFilterProxy.doFilter(DelegatingFilterProxy.java:268)
	at org.apache.catalina.core.ApplicationFilterChain.internalDoFilter(ApplicationFilterChain.java:164)
	at org.apache.catalina.core.ApplicationFilterChain.doFilter(ApplicationFilterChain.java:140)
	at org.springframework.web.filter.RequestContextFilter.doFilterInternal(RequestContextFilter.java:100)
	at org.springframework.web.filter.OncePerRequestFilter.doFilter(OncePerRequestFilter.java:116)
	at org.apache.catalina.core.ApplicationFilterChain.internalDoFilter(ApplicationFilterChain.java:164)
	at org.apache.catalina.core.ApplicationFilterChain.doFilter(ApplicationFilterChain.java:140)
	at org.springframework.web.filter.FormContentFilter.doFilterInternal(FormContentFilter.java:93)
	at org.springframework.web.filter.OncePerRequestFilter.doFilter(OncePerRequestFilter.java:116)
	at org.apache.catalina.core.ApplicationFilterChain.internalDoFilter(ApplicationFilterChain.java:164)
	at org.apache.catalina.core.ApplicationFilterChain.doFilter(ApplicationFilterChain.java:140)
	at org.springframework.web.filter.CharacterEncodingFilter.doFilterInternal(CharacterEncodingFilter.java:201)
	at org.springframework.web.filter.OncePerRequestFilter.doFilter(OncePerRequestFilter.java:116)
	at org.apache.catalina.core.ApplicationFilterChain.internalDoFilter(ApplicationFilterChain.java:164)
	at org.apache.catalina.core.ApplicationFilterChain.doFilter(ApplicationFilterChain.java:140)
	at org.apache.catalina.core.StandardWrapperValve.invoke(StandardWrapperValve.java:167)
	at org.apache.catalina.core.StandardContextValve.invoke(StandardContextValve.java:90)
	at org.apache.catalina.authenticator.AuthenticatorBase.invoke(AuthenticatorBase.java:482)
	at org.apache.catalina.core.StandardHostValve.invoke(StandardHostValve.java:115)
	at org.apache.catalina.valves.ErrorReportValve.invoke(ErrorReportValve.java:93)
	at org.apache.catalina.core.StandardEngineValve.invoke(StandardEngineValve.java:74)
	at org.apache.catalina.connector.CoyoteAdapter.service(CoyoteAdapter.java:344)
	at org.apache.coyote.http11.Http11Processor.service(Http11Processor.java:389)
	at org.apache.coyote.AbstractProcessorLight.process(AbstractProcessorLight.java:63)
	at org.apache.coyote.AbstractProtocol$ConnectionHandler.process(AbstractProtocol.java:896)
	at org.apache.tomcat.util.net.NioEndpoint$SocketProcessor.doRun(NioEndpoint.java:1741)
	at org.apache.tomcat.util.net.SocketProcessorBase.run(SocketProcessorBase.java:52)
	at org.apache.tomcat.util.threads.ThreadPoolExecutor.runWorker(ThreadPoolExecutor.java:1190)
	at org.apache.tomcat.util.threads.ThreadPoolExecutor$Worker.run(ThreadPoolExecutor.java:659)
	at org.apache.tomcat.util.threads.TaskThread$WrappingRunnable.run(TaskThread.java:63)
	at java.base/java.lang.Thread.run(Thread.java:1570)
09:36:49.609 DEBUG --- [http-nio-8080-exec-4] c.r.mapper.UserMapper.readUser : ==>  Preparing: SELECT u_id as username, u_password as password, u_name as uName, u_isAccountNonExpired as isAccountNonExpired, u_isAccountNonLocked as isAccountNonLocked, u_isCredentialNonExpired as isCredentialsNonExpired, u_isEnabled as isEnabled FROM lc_user WHERE 1=1 AND u_id = ? 
09:36:49.627 DEBUG --- [http-nio-8080-exec-4] c.r.mapper.UserMapper.readUser : ==> Parameters: a(String) 
09:36:49.648 TRACE --- [http-nio-8080-exec-4] c.r.mapper.UserMapper.readUser : <==    Columns: username, password, uName, isAccountNonExpired, isAccountNonLocked, isCredentialsNonExpired, isEnabled 
09:36:49.648 TRACE --- [http-nio-8080-exec-4] c.r.mapper.UserMapper.readUser : <==        Row: a, $2a$10$EbpffTosw2WEzUttNwxr6OgpplAqH7Yu7soI1iWMqYWWNXj1q61RG, 에이, 1, 1, 1, 1 
09:36:49.650 DEBUG --- [http-nio-8080-exec-4] c.r.mapper.UserMapper.readUser : <==      Total: 1 
09:36:49.653 DEBUG --- [http-nio-8080-exec-4] c.r.m.UserMapper.readAuthorities : ==>  Preparing: SELECT u_auth FROM lc_auth WHERE 1=1 AND u_id = ? 
09:36:49.654 DEBUG --- [http-nio-8080-exec-4] c.r.m.UserMapper.readAuthorities : ==> Parameters: a(String) 
09:36:49.655 TRACE --- [http-nio-8080-exec-4] c.r.m.UserMapper.readAuthorities : <==    Columns: u_auth 
09:36:49.655 TRACE --- [http-nio-8080-exec-4] c.r.m.UserMapper.readAuthorities : <==        Row: ROLE_ADMIN 
09:36:49.655 TRACE --- [http-nio-8080-exec-4] c.r.m.UserMapper.readAuthorities : <==        Row: ROLE_USER 
09:36:49.655 DEBUG --- [http-nio-8080-exec-4] c.r.m.UserMapper.readAuthorities : <==      Total: 2 
09:37:35.689 INFO  --- [restartedMain] com.restdemo.RestdemoApplication : Starting RestdemoApplication using Java 22.0.1 with PID 56587 (/Users/rngooqw/Documents/ij/restdemo/build/classes/java/main started by rngooqw in /Users/rngooqw/Documents/ij/restdemo) 
09:37:35.689 DEBUG --- [restartedMain] com.restdemo.RestdemoApplication : Running with Spring Boot v3.3.0, Spring v6.1.8 
09:37:35.690 INFO  --- [restartedMain] com.restdemo.RestdemoApplication : No active profile set, falling back to 1 default profile: "default" 
09:37:36.357 DEBUG --- [restartedMain] com.restdemo.config.JwtAuthFilter : Filter 'jwtAuthFilter' configured for use 
09:37:36.703 INFO  --- [restartedMain] com.restdemo.RestdemoApplication : Started RestdemoApplication in 1.227 seconds (process running for 1.444) 
09:37:44.748 DEBUG --- [http-nio-8080-exec-2] c.r.mapper.UserMapper.readUser : ==>  Preparing: SELECT u_id as username, u_password as password, u_name as uName, u_isAccountNonExpired as isAccountNonExpired, u_isAccountNonLocked as isAccountNonLocked, u_isCredentialNonExpired as isCredentialsNonExpired, u_isEnabled as isEnabled FROM lc_user WHERE 1=1 AND u_id = ? 
09:37:44.759 DEBUG --- [http-nio-8080-exec-2] c.r.mapper.UserMapper.readUser : ==> Parameters: a(String) 
09:37:44.767 TRACE --- [http-nio-8080-exec-2] c.r.mapper.UserMapper.readUser : <==    Columns: username, password, uName, isAccountNonExpired, isAccountNonLocked, isCredentialsNonExpired, isEnabled 
09:37:44.767 TRACE --- [http-nio-8080-exec-2] c.r.mapper.UserMapper.readUser : <==        Row: a, $2a$10$EbpffTosw2WEzUttNwxr6OgpplAqH7Yu7soI1iWMqYWWNXj1q61RG, 에이, 1, 1, 1, 1 
09:37:44.769 DEBUG --- [http-nio-8080-exec-2] c.r.mapper.UserMapper.readUser : <==      Total: 1 
09:37:44.772 DEBUG --- [http-nio-8080-exec-2] c.r.m.UserMapper.readAuthorities : ==>  Preparing: SELECT u_auth FROM lc_auth WHERE 1=1 AND u_id = ? 
09:37:44.772 DEBUG --- [http-nio-8080-exec-2] c.r.m.UserMapper.readAuthorities : ==> Parameters: a(String) 
09:37:44.773 TRACE --- [http-nio-8080-exec-2] c.r.m.UserMapper.readAuthorities : <==    Columns: u_auth 
09:37:44.773 TRACE --- [http-nio-8080-exec-2] c.r.m.UserMapper.readAuthorities : <==        Row: ROLE_ADMIN 
09:37:44.773 TRACE --- [http-nio-8080-exec-2] c.r.m.UserMapper.readAuthorities : <==        Row: ROLE_USER 
09:37:44.773 DEBUG --- [http-nio-8080-exec-2] c.r.m.UserMapper.readAuthorities : <==      Total: 2 
09:38:13.132 INFO  --- [restartedMain] com.restdemo.RestdemoApplication : Starting RestdemoApplication using Java 22.0.1 with PID 56636 (/Users/rngooqw/Documents/ij/restdemo/build/classes/java/main started by rngooqw in /Users/rngooqw/Documents/ij/restdemo) 
09:38:13.132 DEBUG --- [restartedMain] com.restdemo.RestdemoApplication : Running with Spring Boot v3.3.0, Spring v6.1.8 
09:38:13.132 INFO  --- [restartedMain] com.restdemo.RestdemoApplication : No active profile set, falling back to 1 default profile: "default" 
09:38:13.779 DEBUG --- [restartedMain] com.restdemo.config.JwtAuthFilter : Filter 'jwtAuthFilter' configured for use 
09:38:13.787 WARN  --- [restartedMain] o.s.b.w.s.c.AnnotationConfigServletWebServerApplicationContext : Exception encountered during context initialization - cancelling refresh attempt: org.springframework.beans.factory.UnsatisfiedDependencyException: Error creating bean with name 'userController': Unsatisfied dependency expressed through field 'authenticationManager': Error creating bean with name 'authenticationManager' defined in class path resource [com/restdemo/config/SecurityConfig.class]: Unsatisfied dependency expressed through method 'authenticationManager' parameter 1: No qualifying bean of type 'org.springframework.security.crypto.password.PasswordEncoder' available: expected at least 1 bean which qualifies as autowire candidate. Dependency annotations: {} 
09:38:13.805 ERROR --- [restartedMain] o.s.b.d.LoggingFailureAnalysisReporter : 

***************************
APPLICATION FAILED TO START
***************************

Description:

Parameter 1 of method authenticationManager in com.restdemo.config.SecurityConfig required a bean of type 'org.springframework.security.crypto.password.PasswordEncoder' that could not be found.

The injection point has the following annotations:
	- @org.springframework.beans.factory.annotation.Autowired(required=true)


Action:

Consider defining a bean of type 'org.springframework.security.crypto.password.PasswordEncoder' in your configuration.
 
09:39:14.566 INFO  --- [restartedMain] com.restdemo.RestdemoApplication : Starting RestdemoApplication using Java 22.0.1 with PID 56718 (/Users/rngooqw/Documents/ij/restdemo/build/classes/java/main started by rngooqw in /Users/rngooqw/Documents/ij/restdemo) 
09:39:14.566 DEBUG --- [restartedMain] com.restdemo.RestdemoApplication : Running with Spring Boot v3.3.0, Spring v6.1.8 
09:39:14.567 INFO  --- [restartedMain] com.restdemo.RestdemoApplication : No active profile set, falling back to 1 default profile: "default" 
09:39:15.220 DEBUG --- [restartedMain] com.restdemo.config.JwtAuthFilter : Filter 'jwtAuthFilter' configured for use 
09:39:15.632 INFO  --- [restartedMain] com.restdemo.RestdemoApplication : Started RestdemoApplication in 1.271 seconds (process running for 1.452) 
10:14:15.235 INFO  --- [restartedMain] com.restdemo.RestdemoApplication : Starting RestdemoApplication using Java 22.0.1 with PID 58597 (/Users/rngooqw/Documents/ij/restdemo/build/classes/java/main started by rngooqw in /Users/rngooqw/Documents/ij/restdemo) 
10:14:15.236 DEBUG --- [restartedMain] com.restdemo.RestdemoApplication : Running with Spring Boot v3.3.0, Spring v6.1.8 
10:14:15.236 INFO  --- [restartedMain] com.restdemo.RestdemoApplication : No active profile set, falling back to 1 default profile: "default" 
10:14:15.918 DEBUG --- [restartedMain] com.restdemo.config.JwtAuthFilter : Filter 'jwtAuthFilter' configured for use 
10:14:16.253 INFO  --- [restartedMain] com.restdemo.RestdemoApplication : Started RestdemoApplication in 1.234 seconds (process running for 1.461) 
10:18:55.948 INFO  --- [restartedMain] com.restdemo.RestdemoApplication : Starting RestdemoApplication using Java 22.0.1 with PID 58987 (/Users/rngooqw/Documents/ij/restdemo/build/classes/java/main started by rngooqw in /Users/rngooqw/Documents/ij/restdemo) 
10:18:55.949 DEBUG --- [restartedMain] com.restdemo.RestdemoApplication : Running with Spring Boot v3.3.0, Spring v6.1.8 
10:18:55.949 INFO  --- [restartedMain] com.restdemo.RestdemoApplication : The following 1 profile is active: "dev" 
10:18:56.633 DEBUG --- [restartedMain] com.restdemo.config.JwtAuthFilter : Filter 'jwtAuthFilter' configured for use 
10:18:56.976 INFO  --- [restartedMain] com.restdemo.RestdemoApplication : Started RestdemoApplication in 1.249 seconds (process running for 1.496) 
10:19:19.949 DEBUG --- [http-nio-8080-exec-1] c.r.mapper.UserMapper.readUser : ==>  Preparing: SELECT u_id as username, u_password as password, u_name as uName, u_isAccountNonExpired as isAccountNonExpired, u_isAccountNonLocked as isAccountNonLocked, u_isCredentialNonExpired as isCredentialsNonExpired, u_isEnabled as isEnabled FROM lc_user WHERE 1=1 AND u_id = ? 
10:19:19.960 DEBUG --- [http-nio-8080-exec-1] c.r.mapper.UserMapper.readUser : ==> Parameters: a(String) 
10:19:19.978 TRACE --- [http-nio-8080-exec-1] c.r.mapper.UserMapper.readUser : <==    Columns: username, password, uName, isAccountNonExpired, isAccountNonLocked, isCredentialsNonExpired, isEnabled 
10:19:19.979 TRACE --- [http-nio-8080-exec-1] c.r.mapper.UserMapper.readUser : <==        Row: a, $2a$10$EbpffTosw2WEzUttNwxr6OgpplAqH7Yu7soI1iWMqYWWNXj1q61RG, 에이, 1, 1, 1, 1 
10:19:19.980 DEBUG --- [http-nio-8080-exec-1] c.r.mapper.UserMapper.readUser : <==      Total: 1 
10:19:19.983 DEBUG --- [http-nio-8080-exec-1] c.r.m.UserMapper.readAuthorities : ==>  Preparing: SELECT u_auth FROM lc_auth WHERE 1=1 AND u_id = ? 
10:19:19.983 DEBUG --- [http-nio-8080-exec-1] c.r.m.UserMapper.readAuthorities : ==> Parameters: a(String) 
10:19:19.985 TRACE --- [http-nio-8080-exec-1] c.r.m.UserMapper.readAuthorities : <==    Columns: u_auth 
10:19:19.985 TRACE --- [http-nio-8080-exec-1] c.r.m.UserMapper.readAuthorities : <==        Row: ROLE_ADMIN 
10:19:19.985 TRACE --- [http-nio-8080-exec-1] c.r.m.UserMapper.readAuthorities : <==        Row: ROLE_USER 
10:19:19.985 DEBUG --- [http-nio-8080-exec-1] c.r.m.UserMapper.readAuthorities : <==      Total: 2 
10:19:36.555 DEBUG --- [http-nio-8080-exec-3] c.r.mapper.UserMapper.readUser : ==>  Preparing: SELECT u_id as username, u_password as password, u_name as uName, u_isAccountNonExpired as isAccountNonExpired, u_isAccountNonLocked as isAccountNonLocked, u_isCredentialNonExpired as isCredentialsNonExpired, u_isEnabled as isEnabled FROM lc_user WHERE 1=1 AND u_id = ? 
10:19:36.556 DEBUG --- [http-nio-8080-exec-3] c.r.mapper.UserMapper.readUser : ==> Parameters: a(String) 
10:19:36.558 TRACE --- [http-nio-8080-exec-3] c.r.mapper.UserMapper.readUser : <==    Columns: username, password, uName, isAccountNonExpired, isAccountNonLocked, isCredentialsNonExpired, isEnabled 
10:19:36.558 TRACE --- [http-nio-8080-exec-3] c.r.mapper.UserMapper.readUser : <==        Row: a, $2a$10$EbpffTosw2WEzUttNwxr6OgpplAqH7Yu7soI1iWMqYWWNXj1q61RG, 에이, 1, 1, 1, 1 
10:19:36.559 DEBUG --- [http-nio-8080-exec-3] c.r.mapper.UserMapper.readUser : <==      Total: 1 
10:19:36.559 DEBUG --- [http-nio-8080-exec-3] c.r.m.UserMapper.readAuthorities : ==>  Preparing: SELECT u_auth FROM lc_auth WHERE 1=1 AND u_id = ? 
10:19:36.559 DEBUG --- [http-nio-8080-exec-3] c.r.m.UserMapper.readAuthorities : ==> Parameters: a(String) 
10:19:36.560 TRACE --- [http-nio-8080-exec-3] c.r.m.UserMapper.readAuthorities : <==    Columns: u_auth 
10:19:36.560 TRACE --- [http-nio-8080-exec-3] c.r.m.UserMapper.readAuthorities : <==        Row: ROLE_ADMIN 
10:19:36.560 TRACE --- [http-nio-8080-exec-3] c.r.m.UserMapper.readAuthorities : <==        Row: ROLE_USER 
10:19:36.560 DEBUG --- [http-nio-8080-exec-3] c.r.m.UserMapper.readAuthorities : <==      Total: 2 
10:34:39.289 INFO  --- [restartedMain] com.restdemo.RestdemoApplication : Starting RestdemoApplication using Java 22.0.1 with PID 60219 (/Users/rngooqw/Documents/ij/restdemo/build/classes/java/main started by rngooqw in /Users/rngooqw/Documents/ij/restdemo) 
10:34:39.289 DEBUG --- [restartedMain] com.restdemo.RestdemoApplication : Running with Spring Boot v3.3.0, Spring v6.1.8 
10:34:39.290 INFO  --- [restartedMain] com.restdemo.RestdemoApplication : No active profile set, falling back to 1 default profile: "default" 
10:34:39.968 DEBUG --- [restartedMain] com.restdemo.config.JwtAuthFilter : Filter 'jwtAuthFilter' configured for use 
10:34:40.309 INFO  --- [restartedMain] com.restdemo.RestdemoApplication : Started RestdemoApplication in 1.24 seconds (process running for 1.484) 
10:35:10.347 DEBUG --- [http-nio-80-exec-1] c.r.mapper.UserMapper.readUser : ==>  Preparing: SELECT u_id as username, u_password as password, u_name as uName, u_isAccountNonExpired as isAccountNonExpired, u_isAccountNonLocked as isAccountNonLocked, u_isCredentialNonExpired as isCredentialsNonExpired, u_isEnabled as isEnabled FROM lc_user WHERE 1=1 AND u_id = ? 
10:35:10.358 DEBUG --- [http-nio-80-exec-1] c.r.mapper.UserMapper.readUser : ==> Parameters: a(String) 
10:35:10.373 TRACE --- [http-nio-80-exec-1] c.r.mapper.UserMapper.readUser : <==    Columns: username, password, uName, isAccountNonExpired, isAccountNonLocked, isCredentialsNonExpired, isEnabled 
10:35:10.374 TRACE --- [http-nio-80-exec-1] c.r.mapper.UserMapper.readUser : <==        Row: a, $2a$10$EbpffTosw2WEzUttNwxr6OgpplAqH7Yu7soI1iWMqYWWNXj1q61RG, 에이, 1, 1, 1, 1 
10:35:10.375 DEBUG --- [http-nio-80-exec-1] c.r.mapper.UserMapper.readUser : <==      Total: 1 
10:35:10.378 DEBUG --- [http-nio-80-exec-1] c.r.m.UserMapper.readAuthorities : ==>  Preparing: SELECT u_auth FROM lc_auth WHERE 1=1 AND u_id = ? 
10:35:10.378 DEBUG --- [http-nio-80-exec-1] c.r.m.UserMapper.readAuthorities : ==> Parameters: a(String) 
10:35:10.379 TRACE --- [http-nio-80-exec-1] c.r.m.UserMapper.readAuthorities : <==    Columns: u_auth 
10:35:10.379 TRACE --- [http-nio-80-exec-1] c.r.m.UserMapper.readAuthorities : <==        Row: ROLE_ADMIN 
10:35:10.379 TRACE --- [http-nio-80-exec-1] c.r.m.UserMapper.readAuthorities : <==        Row: ROLE_USER 
10:35:10.380 DEBUG --- [http-nio-80-exec-1] c.r.m.UserMapper.readAuthorities : <==      Total: 2 
10:35:25.188 DEBUG --- [http-nio-80-exec-4] c.r.mapper.UserMapper.readUser : ==>  Preparing: SELECT u_id as username, u_password as password, u_name as uName, u_isAccountNonExpired as isAccountNonExpired, u_isAccountNonLocked as isAccountNonLocked, u_isCredentialNonExpired as isCredentialsNonExpired, u_isEnabled as isEnabled FROM lc_user WHERE 1=1 AND u_id = ? 
10:35:25.189 DEBUG --- [http-nio-80-exec-4] c.r.mapper.UserMapper.readUser : ==> Parameters: a(String) 
10:35:25.190 TRACE --- [http-nio-80-exec-4] c.r.mapper.UserMapper.readUser : <==    Columns: username, password, uName, isAccountNonExpired, isAccountNonLocked, isCredentialsNonExpired, isEnabled 
10:35:25.190 TRACE --- [http-nio-80-exec-4] c.r.mapper.UserMapper.readUser : <==        Row: a, $2a$10$EbpffTosw2WEzUttNwxr6OgpplAqH7Yu7soI1iWMqYWWNXj1q61RG, 에이, 1, 1, 1, 1 
10:35:25.190 DEBUG --- [http-nio-80-exec-4] c.r.mapper.UserMapper.readUser : <==      Total: 1 
10:35:25.190 DEBUG --- [http-nio-80-exec-4] c.r.m.UserMapper.readAuthorities : ==>  Preparing: SELECT u_auth FROM lc_auth WHERE 1=1 AND u_id = ? 
10:35:25.190 DEBUG --- [http-nio-80-exec-4] c.r.m.UserMapper.readAuthorities : ==> Parameters: a(String) 
10:35:25.190 TRACE --- [http-nio-80-exec-4] c.r.m.UserMapper.readAuthorities : <==    Columns: u_auth 
10:35:25.190 TRACE --- [http-nio-80-exec-4] c.r.m.UserMapper.readAuthorities : <==        Row: ROLE_ADMIN 
10:35:25.191 TRACE --- [http-nio-80-exec-4] c.r.m.UserMapper.readAuthorities : <==        Row: ROLE_USER 
10:35:25.191 DEBUG --- [http-nio-80-exec-4] c.r.m.UserMapper.readAuthorities : <==      Total: 2 
